2025-10-23 15:28:48 | INFO | Поиск: 'backend' (limit=10)
2025-10-23 15:38:33 | INFO | Поиск: 'backend' (limit=10)
2025-10-23 15:38:35 | INFO | Найдено всего по запросу: 3822
2025-10-23 15:38:35 | INFO | Ссылок к обработке: 10
2025-10-23 15:38:38 | DEBUG | OK https://hh.ru/vacancy/126825561 (0.62 сек)
2025-10-23 15:38:40 | DEBUG | OK https://hh.ru/vacancy/125902886 (0.62 сек)
2025-10-23 15:38:43 | DEBUG | OK https://hh.ru/vacancy/125888105 (0.63 сек)
2025-10-23 15:38:45 | DEBUG | OK https://hh.ru/vacancy/126881801 (0.48 сек)
2025-10-23 15:38:48 | DEBUG | OK https://hh.ru/vacancy/126880490 (0.54 сек)
2025-10-23 15:38:50 | DEBUG | OK https://hh.ru/vacancy/125902383 (0.52 сек)
2025-10-23 15:38:53 | DEBUG | OK https://hh.ru/vacancy/126876572 (0.56 сек)
2025-10-23 15:38:56 | DEBUG | OK https://hh.ru/vacancy/122309731 (0.73 сек)
2025-10-23 15:38:58 | DEBUG | OK https://hh.ru/vacancy/122309728 (0.65 сек)
2025-10-23 15:39:01 | DEBUG | OK https://hh.ru/vacancy/125898260 (0.60 сек)
2025-10-23 15:39:01 | INFO | Готово: обработано 10, общая длительность 27.73 сек, среднее на карточку 0.594 сек, медиана 0.609 сек
2025-10-23 15:51:26 | INFO | Поиск: 'backend' (limit=10)
2025-10-23 15:51:28 | INFO | Найдено всего по запросу: 3818
2025-10-23 15:51:28 | INFO | Ссылок к обработке: 10
2025-10-23 15:51:31 | DEBUG | OK https://hh.ru/vacancy/126825561 (0.64 сек)
2025-10-23 15:51:33 | DEBUG | OK https://hh.ru/vacancy/125902886 (0.70 сек)
2025-10-23 15:51:36 | DEBUG | OK https://hh.ru/vacancy/125888105 (0.57 сек)
2025-10-23 15:51:38 | DEBUG | OK https://hh.ru/vacancy/126881801 (0.43 сек)
2025-10-23 15:51:41 | DEBUG | OK https://hh.ru/vacancy/126880490 (0.56 сек)
2025-10-23 15:51:44 | DEBUG | OK https://hh.ru/vacancy/125902383 (0.73 сек)
2025-10-23 15:51:46 | DEBUG | OK https://hh.ru/vacancy/126876572 (0.54 сек)
2025-10-23 15:51:50 | DEBUG | OK https://hh.ru/vacancy/122309731 (1.41 сек)
2025-10-23 15:51:52 | DEBUG | OK https://hh.ru/vacancy/122309728 (0.65 сек)
2025-10-23 15:51:55 | DEBUG | OK https://hh.ru/vacancy/125898260 (0.61 сек)
2025-10-23 15:51:55 | INFO | Готово: обработано 10, общая длительность 28.58 сек, среднее на карточку 0.685 сек, медиана 0.622 сек
2025-10-23 17:13:38 | INFO | Поиск: 'frontend' (limit=5)
2025-10-23 17:13:40 | INFO | Найдено всего по запросу: 2670
2025-10-23 17:13:40 | INFO | Ссылок к обработке: 5
2025-10-23 17:13:43 | DEBUG | OK https://hh.ru/vacancy/126175631 (0.67 сек)
2025-10-23 17:13:45 | DEBUG | OK https://hh.ru/vacancy/126882424 (0.60 сек)
2025-10-23 17:13:48 | DEBUG | OK https://hh.ru/vacancy/126871862 (0.55 сек)
2025-10-23 17:13:51 | DEBUG | OK https://hh.ru/vacancy/126886511 (0.75 сек)
2025-10-23 17:13:53 | DEBUG | OK https://hh.ru/vacancy/126882916 (0.54 сек)
2025-10-23 17:13:53 | INFO | Готово: обработано 5, общая длительность 15.12 сек, среднее на карточку 0.622 сек, медиана 0.601 сек
2025-10-23 17:36:19 | INFO | Поиск: 'frontend' (limit=5)
2025-10-23 17:36:21 | INFO | Найдено всего по запросу: 2669
2025-10-23 17:36:21 | INFO | Ссылок к обработке: 5
2025-10-23 17:36:23 | DEBUG | OK https://hh.ru/vacancy/126175631 (0.53 сек)
2025-10-23 17:36:26 | DEBUG | OK https://hh.ru/vacancy/126882424 (0.62 сек)
2025-10-23 17:36:28 | DEBUG | OK https://hh.ru/vacancy/126871862 (0.54 сек)
2025-10-23 17:36:31 | DEBUG | OK https://hh.ru/vacancy/126674141 (0.62 сек)
2025-10-23 17:36:33 | DEBUG | OK https://hh.ru/vacancy/126886511 (0.50 сек)
2025-10-23 17:36:33 | INFO | Готово: обработано 5, общая длительность 14.74 сек, среднее на карточку 0.564 сек, медиана 0.544 сек
2025-10-23 18:08:30 | INFO | Поиск: 'mlops' (limit=5)
2025-10-23 18:08:32 | INFO | Найдено всего по запросу: 341
2025-10-23 18:08:32 | INFO | Ссылок к обработке: 5
2025-10-23 18:08:35 | DEBUG | OK https://hh.ru/vacancy/122535259 (1.09 сек)
2025-10-23 18:08:38 | DEBUG | OK https://hh.ru/vacancy/125696090 (0.70 сек)
2025-10-23 18:08:40 | DEBUG | OK https://hh.ru/vacancy/126883842 (0.58 сек)
2025-10-23 18:08:43 | DEBUG | OK https://hh.ru/vacancy/126876174 (0.50 сек)
2025-10-23 18:08:45 | DEBUG | OK https://hh.ru/vacancy/126837647 (0.67 сек)
2025-10-23 18:08:45 | INFO | Готово: обработано 5, общая длительность 15.57 сек, среднее на карточку 0.706 сек, медиана 0.668 сек
2025-10-23 18:47:13 | INFO | Поиск: 'mlops' (limit=5)
2025-10-23 18:47:15 | INFO | Найдено всего по запросу: 340
2025-10-23 18:47:15 | INFO | Ссылок к обработке: 5
2025-10-23 18:47:18 | DEBUG | OK https://hh.ru/vacancy/122535259 (0.74 сек)
2025-10-23 18:47:20 | DEBUG | OK https://hh.ru/vacancy/125696090 (0.69 сек)
2025-10-23 18:47:23 | DEBUG | OK https://hh.ru/vacancy/126883842 (0.67 сек)
2025-10-23 18:47:26 | DEBUG | OK https://hh.ru/vacancy/126876174 (1.07 сек)
2025-10-23 18:47:29 | DEBUG | OK https://hh.ru/vacancy/126837647 (0.73 сек)
2025-10-23 18:47:29 | INFO | Готово: обработано 5, общая длительность 16.01 сек, среднее на карточку 0.781 сек, медиана 0.727 сек
2025-10-23 18:48:09 | WARNING | Не удалось найти куки hh.ru в поддерживаемых браузерах — работаем без куки.
2025-10-23 18:48:09 | INFO | Поиск: 'backend' (limit=10)
2025-10-23 18:48:11 | INFO | Найдено всего по запросу: 3830
2025-10-23 18:48:11 | INFO | Ссылок к обработке: 10
2025-10-23 18:48:14 | DEBUG | OK https://hh.ru/vacancy/126825561 (0.82 сек)
2025-10-23 18:48:17 | DEBUG | OK https://hh.ru/vacancy/126237378 (0.90 сек)
2025-10-23 18:48:20 | DEBUG | OK https://hh.ru/vacancy/126871862 (0.72 сек)
2025-10-23 18:48:23 | DEBUG | OK https://hh.ru/vacancy/122535259 (0.97 сек)
2025-10-23 18:48:26 | DEBUG | OK https://hh.ru/vacancy/125696090 (1.09 сек)
2025-10-23 18:48:29 | DEBUG | OK https://hh.ru/vacancy/125902886 (0.95 сек)
2025-10-23 18:48:32 | DEBUG | OK https://hh.ru/vacancy/126322562 (0.65 сек)
2025-10-23 18:48:34 | DEBUG | OK https://hh.ru/vacancy/125706694 (0.71 сек)
2025-10-23 18:48:37 | DEBUG | OK https://hh.ru/vacancy/125761886 (0.67 сек)
2025-10-23 18:48:40 | DEBUG | OK https://hh.ru/vacancy/126319859 (1.23 сек)
2025-10-23 18:48:40 | INFO | Готово: обработано 10, общая длительность 31.22 сек, среднее на карточку 0.872 сек, медиана 0.861 сек
2025-10-23 19:27:52 | INFO | Куки из файла подгружены: C:\Users\79376\hhru_parser\secrets\cookies_hh.json
2025-10-23 19:27:52 | INFO | Поиск: 'backend' (limit=10)
2025-10-23 19:27:55 | INFO | Найдено всего по запросу: 3833
2025-10-23 19:27:55 | INFO | Ссылок к обработке: 10
2025-10-23 19:27:57 | DEBUG | OK https://hh.ru/vacancy/126825561 (0.55 сек)
2025-10-23 19:28:00 | DEBUG | OK https://hh.ru/vacancy/126871862 (0.68 сек)
2025-10-23 19:28:03 | DEBUG | OK https://hh.ru/vacancy/122535259 (0.72 сек)
2025-10-23 19:28:05 | DEBUG | OK https://hh.ru/vacancy/125696090 (0.77 сек)
2025-10-23 19:28:08 | DEBUG | OK https://hh.ru/vacancy/125902886 (0.50 сек)
2025-10-23 19:28:10 | DEBUG | OK https://hh.ru/vacancy/126322562 (0.58 сек)
2025-10-23 19:28:13 | DEBUG | OK https://hh.ru/vacancy/125706694 (0.68 сек)
2025-10-23 19:28:16 | DEBUG | OK https://hh.ru/vacancy/125761886 (0.62 сек)
2025-10-23 19:28:18 | DEBUG | OK https://hh.ru/vacancy/126319859 (0.46 сек)
2025-10-23 19:28:21 | DEBUG | OK https://hh.ru/vacancy/125888105 (0.61 сек)
2025-10-23 19:28:21 | INFO | Готово: обработано 10, общая длительность 28.53 сек, среднее на карточку 0.617 сек, медиана 0.611 сек
2025-10-23 19:30:21 | INFO | Куки из файла подгружены: C:\Users\79376\hhru_parser\secrets\cookies_hh.json
2025-10-23 19:30:21 | INFO | Поиск: 'backend' (limit=3)
2025-10-23 19:30:22 | INFO | Найдено всего по запросу: 3833
2025-10-23 19:30:22 | INFO | Ссылок к обработке: 3
2025-10-23 19:30:25 | DEBUG | OK https://hh.ru/vacancy/126825561 (0.65 сек)
2025-10-23 19:30:28 | DEBUG | OK https://hh.ru/vacancy/126237378 (0.71 сек)
2025-10-23 19:30:30 | DEBUG | OK https://hh.ru/vacancy/125902886 (0.53 сек)
2025-10-23 19:30:30 | INFO | Готово: обработано 3, общая длительность 9.58 сек, среднее на карточку 0.633 сек, медиана 0.653 сек
2025-10-23 19:30:43 | INFO | Поиск: 'backend' (limit=3)
2025-10-23 19:30:45 | INFO | Найдено всего по запросу: 3833
2025-10-23 19:30:45 | INFO | Ссылок к обработке: 3
2025-10-23 19:30:47 | DEBUG | OK https://hh.ru/vacancy/126825561 (0.48 сек)
2025-10-23 19:30:50 | DEBUG | OK https://hh.ru/vacancy/126237378 (0.59 сек)
2025-10-23 19:30:53 | DEBUG | OK https://hh.ru/vacancy/125902886 (0.69 сек)
2025-10-23 19:30:53 | INFO | Готово: обработано 3, общая длительность 9.49 сек, среднее на карточку 0.585 сек, медиана 0.589 сек
2025-10-23 19:47:57 | DEBUG | Selected UA: Mozilla/5.0 (Macintosh; Intel Mac OS X 13_5) AppleWebKit/605.1.15 (KHTML, like Gecko) Version/17.0 Safari/605.1.15
2025-10-23 19:47:57 | INFO | Куки из файла подгружены: C:\Users\79376\hhru_parser\secrets\cookies_hh.json
2025-10-23 19:47:57 | INFO | Поиск: 'devops' (limit=10)
2025-10-23 19:47:59 | INFO | Найдено всего по запросу: 3080
2025-10-23 19:47:59 | INFO | Ссылок к обработке: 10
2025-10-23 19:48:01 | DEBUG | sleep 2.56s (delay=2.00, jitter=0.56)
2025-10-23 19:48:03 | DEBUG | OK https://hh.ru/vacancy/126745056 (1.23 сек)
2025-10-23 19:48:05 | DEBUG | sleep 2.03s (delay=2.00, jitter=0.03)
2025-10-23 19:48:05 | DEBUG | OK https://hh.ru/vacancy/125851421 (0.45 сек)
2025-10-23 19:48:07 | DEBUG | sleep 2.04s (delay=2.00, jitter=0.04)
2025-10-23 19:48:08 | DEBUG | OK https://hh.ru/vacancy/126845664 (0.53 сек)
2025-10-23 19:48:09 | DEBUG | sleep 1.68s (delay=2.00, jitter=-0.32)
2025-10-23 19:48:10 | DEBUG | OK https://hh.ru/vacancy/124490170 (0.72 сек)
2025-10-23 19:48:12 | DEBUG | sleep 2.29s (delay=2.00, jitter=0.29)
2025-10-23 19:48:13 | DEBUG | OK https://hh.ru/vacancy/125924810 (0.58 сек)
2025-10-23 19:48:15 | DEBUG | sleep 2.42s (delay=2.00, jitter=0.42)
2025-10-23 19:48:16 | DEBUG | OK https://hh.ru/vacancy/125099801 (0.50 сек)
2025-10-23 19:48:18 | DEBUG | sleep 1.79s (delay=2.00, jitter=-0.21)
2025-10-23 19:48:18 | DEBUG | OK https://hh.ru/vacancy/126673730 (0.59 сек)
2025-10-23 19:48:20 | DEBUG | sleep 1.64s (delay=2.00, jitter=-0.36)
2025-10-23 19:48:20 | DEBUG | OK https://hh.ru/vacancy/125911794 (0.50 сек)
2025-10-23 19:48:22 | DEBUG | sleep 1.60s (delay=2.00, jitter=-0.40)
2025-10-23 19:48:23 | DEBUG | OK https://hh.ru/vacancy/123976581 (0.59 сек)
2025-10-23 19:48:25 | DEBUG | sleep 2.53s (delay=2.00, jitter=0.53)
2025-10-23 19:48:26 | DEBUG | OK https://hh.ru/vacancy/126529581 (0.55 сек)
2025-10-23 19:48:26 | INFO | Готово: обработано 10, общая длительность 29.06 сек, среднее на карточку 0.625 сек, медиана 0.564 сек
